<?xml version="1.0" encoding="UTF-8"?>
<!-- Generated by org.testng.reporters.JUnitReportReporter -->
<testsuite hostname="LukeLT" failures="0" tests="1" name="RvNLearn.tests.ErrorValidation" time="44.904" errors="0" timestamp="2025-02-05T17:00:35 NZDT" skipped="0">
  <testcase classname="RvNLearn.tests.ErrorValidation" name="validateLoginError" time="44.904"/>
</testsuite> <!-- RvNLearn.tests.ErrorValidation -->
